[15:24:31] [main/INFO]: Environment: authHost='https://authserver.mojang.com', accountsHost='https://api.mojang.com', sessionHost='https://sessionserver.mojang.com', servicesHost='https://api.minecraftservices.com', name='PROD'
[15:24:31] [main/WARN]: Ambiguity between arguments [teleport, destination] and [teleport, targets] with inputs: [Player, 0123, @e, dd12be42-52a9-4a91-a8a1-11c01849e498]
[15:24:31] [main/WARN]: Ambiguity between arguments [teleport, location] and [teleport, destination] with inputs: [0.1 -0.5 .9, 0 0 0]
[15:24:31] [main/WARN]: Ambiguity between arguments [teleport, location] and [teleport, targets] with inputs: [0.1 -0.5 .9, 0 0 0]
[15:24:31] [main/WARN]: Ambiguity between arguments [teleport, targets] and [teleport, destination] with inputs: [Player, 0123, dd12be42-52a9-4a91-a8a1-11c01849e498]
[15:24:31] [main/WARN]: Ambiguity between arguments [teleport, targets, location] and [teleport, targets, destination] with inputs: [0.1 -0.5 .9, 0 0 0]
[15:24:31] [main/INFO]: Reloading ResourceManager: Default
[15:24:32] [Worker-Main-5/INFO]: Loaded 7 recipes
[15:24:33] [Worker-Main-5/INFO]: Loaded 927 advancements
[15:24:35] [Server thread/INFO]: Starting minecraft server version 1.16.5
[15:24:35] [Server thread/INFO]: Loading properties
[15:24:35] [Server thread/INFO]: Default game type: SURVIVAL
[15:24:35] [Server thread/INFO]: Generating keypair
[15:24:35] [Server thread/INFO]: Starting Minecraft server on *:25565
[15:24:35] [Server thread/INFO]: Using epoll channel type
[15:24:35] [Server thread/WARN]: **** SERVER IS RUNNING IN OFFLINE/INSECURE MODE!
[15:24:35] [Server thread/WARN]: The server will make no attempt to authenticate usernames. Beware.
[15:24:35] [Server thread/WARN]: While this makes the game possible to play without internet access, it also opens up the ability for hackers to connect with any username they choose.
[15:24:35] [Server thread/WARN]: To change this, set "online-mode" to "true" in the server.properties file.
[15:24:35] [Server thread/INFO]: Preparing level "world"
[15:24:35] [Server thread/INFO]: Preparing start region for dimension minecraft:overworld
[15:24:38] [Server thread/INFO]: Preparing spawn area: 0%
[15:24:38] [Server thread/INFO]: Preparing spawn area: 0%
[15:24:38] [Server thread/INFO]: Preparing spawn area: 0%
[15:24:38] [Server thread/INFO]: Preparing spawn area: 0%
[15:24:38] [Server thread/INFO]: Preparing spawn area: 0%
[15:24:38] [Server thread/INFO]: Preparing spawn area: 0%
[15:24:38] [Server thread/INFO]: Preparing spawn area: 0%
[15:24:39] [Server thread/INFO]: Preparing spawn area: 68%
[15:24:42] [Worker-Main-5/INFO]: Preparing spawn area: 83%
[15:24:42] [Worker-Main-6/INFO]: Preparing spawn area: 83%
[15:24:42] [Worker-Main-6/INFO]: Preparing spawn area: 83%
[15:24:42] [Worker-Main-6/INFO]: Preparing spawn area: 83%
[15:24:42] [Worker-Main-6/INFO]: Preparing spawn area: 83%
[15:24:42] [Server thread/INFO]: Preparing spawn area: 83%
[15:24:42] [Worker-Main-5/INFO]: Preparing spawn area: 91%
[15:24:43] [Worker-Main-4/INFO]: Preparing spawn area: 91%
[15:24:43] [Worker-Main-4/INFO]: Preparing spawn area: 91%
[15:24:44] [Worker-Main-5/INFO]: Preparing spawn area: 91%
[15:24:44] [Worker-Main-6/INFO]: Preparing spawn area: 93%
[15:24:45] [Server thread/INFO]: Preparing spawn area: 94%
[15:24:45] [Worker-Main-6/INFO]: Preparing spawn area: 95%
[15:24:46] [Worker-Main-6/INFO]: Preparing spawn area: 98%
[15:24:46] [Server thread/INFO]: Time elapsed: 10770 ms
[15:24:46] [Server thread/INFO]: Done (10.866s)! For help, type "help"
[15:24:57] [Server thread/INFO]: Stopping the server
[15:24:57] [Server thread/INFO]: Stopping server
[15:24:57] [Server thread/INFO]: Saving players
[15:24:57] [Server thread/INFO]: Saving worlds
[15:24:57] [Server thread/INFO]: Saving chunks for level 'ServerLevel[world]'/minecraft:overworld
[15:24:59] [Server thread/INFO]: ThreadedAnvilChunkStorage (world): All chunks are saved
[15:24:59] [Server thread/INFO]: Saving chunks for level 'ServerLevel[world]'/minecraft:the_nether
[15:24:59] [Server thread/INFO]: ThreadedAnvilChunkStorage (DIM-1): All chunks are saved
[15:24:59] [Server thread/INFO]: Saving chunks for level 'ServerLevel[world]'/minecraft:the_end
[15:24:59] [Server thread/INFO]: ThreadedAnvilChunkStorage (DIM1): All chunks are saved
[15:24:59] [Server thread/INFO]: ThreadedAnvilChunkStorage (world): All chunks are saved
[15:24:59] [Server thread/INFO]: ThreadedAnvilChunkStorage (DIM-1): All chunks are saved
[15:24:59] [Server thread/INFO]: ThreadedAnvilChunkStorage (DIM1): All chunks are saved
